[35m[1mScanning dependencies of target pointCloudCppCV[0m
[ 50%] [32mBuilding CXX object CMakeFiles/pointCloudCppCV.dir/src/get_pointCloud_cpp_cv.cpp.o[0m
[01m[K/home/uil/husky_catkin/src/bird_eye_view/src/get_pointCloud_cpp_cv.cpp:[m[K In function â€˜[01m[Kint main(int, char**)[m[Kâ€™:
[01m[K/home/uil/husky_catkin/src/bird_eye_view/src/get_pointCloud_cpp_cv.cpp:318:10:[m[K [01;31m[Kerror: [m[Kredeclaration of â€˜[01m[Kcv::Mat row_ones[m[Kâ€™
  318 |      Mat [01;31m[Krow_ones[m[K = Mat::ones(1, pointcount, CV_64FC1);
      |          [01;31m[K^~~~~~~~[m[K
[01m[K/home/uil/husky_catkin/src/bird_eye_view/src/get_pointCloud_cpp_cv.cpp:313:10:[m[K [01;36m[Knote: [m[Kâ€˜[01m[Kcv::Mat row_ones[m[Kâ€™ previously declared here
  313 |      Mat [01;36m[Krow_ones[m[K = Mat::ones(1, pointcount, CV_64FC1);
      |          [01;36m[K^~~~~~~~[m[K
make[2]: *** [CMakeFiles/pointCloudCppCV.dir/build.make:63: CMakeFiles/pointCloudCppCV.dir/src/get_pointCloud_cpp_cv.cpp.o] Error 1
make[1]: *** [CMakeFiles/Makefile2:1648: CMakeFiles/pointCloudCppCV.dir/all] Error 2
make: *** [Makefile:141: all] Error 2
