[01m[K/home/uil/husky_catkin/src/bird_eye_view/src/get_pointCloud_cpp_cv.cpp:[m[K In function â€˜[01m[Kint main(int, char**)[m[Kâ€™:
[01m[K/home/uil/husky_catkin/src/bird_eye_view/src/get_pointCloud_cpp_cv.cpp:121:30:[m[K [01;31m[Kerror: [m[Kexpected â€˜[01m[K,[m[Kâ€™ or â€˜[01m[K;[m[Kâ€™ before â€˜[01m[K=[m[Kâ€™ token
  121 |     Mat mm2m(3, 3, CV_64FC1) [01;31m[K=[m[K zeros(3, 3, CV_64FC1);
      |                              [01;31m[K^[m[K
[01m[K/home/uil/husky_catkin/src/bird_eye_view/src/get_pointCloud_cpp_cv.cpp:347:3:[m[K [01;31m[Kerror: [m[Kâ€˜[01m[Ki_x[m[Kâ€™ was not declared in this scope; did you mean â€˜[01m[Kr_x[m[Kâ€™?
  347 |   [01;31m[Ki_x[m[K = static_cast<int>(x/scale_image);
      |   [01;31m[K^~~[m[K
      |   [32m[Kr_x[m[K
[01m[K/home/uil/husky_catkin/src/bird_eye_view/src/get_pointCloud_cpp_cv.cpp:348:3:[m[K [01;31m[Kerror: [m[Kâ€˜[01m[Ki_y[m[Kâ€™ was not declared in this scope; did you mean â€˜[01m[Kr_y[m[Kâ€™?
  348 |   [01;31m[Ki_y[m[K = static_cast<int>(y/scale_image);
      |   [01;31m[K^~~[m[K
      |   [32m[Kr_y[m[K
make[2]: *** [CMakeFiles/pointCloudCppCV.dir/build.make:63: CMakeFiles/pointCloudCppCV.dir/src/get_pointCloud_cpp_cv.cpp.o] Error 1
make[1]: *** [CMakeFiles/Makefile2:1648: CMakeFiles/pointCloudCppCV.dir/all] Error 2
make: *** [Makefile:141: all] Error 2
