[35m[1mScanning dependencies of target pointCloudCppCV[0m
[ 50%] Built target transform
[ 75%] [32mBuilding CXX object CMakeFiles/pointCloudCppCV.dir/src/get_pointCloud_cpp_cv.cpp.o[0m
[01m[K/home/uil/husky_catkin/src/bird_eye_view/src/get_pointCloud_cpp_cv.cpp:[m[K In function â€˜[01m[Kint main(int, char**)[m[Kâ€™:
[01m[K/home/uil/husky_catkin/src/bird_eye_view/src/get_pointCloud_cpp_cv.cpp:351:6:[m[K [01;31m[Kerror: [m[Kâ€˜[01m[Kx[m[Kâ€™ was not declared in this scope
  351 |   if([01;31m[Kx[m[K>10000) continue;
      |      [01;31m[K^[m[K
[01m[K/home/uil/husky_catkin/src/bird_eye_view/src/get_pointCloud_cpp_cv.cpp:352:6:[m[K [01;31m[Kerror: [m[Kâ€˜[01m[Kx[m[Kâ€™ was not declared in this scope
  352 |   if([01;31m[Kx[m[K<0) continue;
      |      [01;31m[K^[m[K
[01m[K/home/uil/husky_catkin/src/bird_eye_view/src/get_pointCloud_cpp_cv.cpp:353:6:[m[K [01;31m[Kerror: [m[Kâ€˜[01m[Ky[m[Kâ€™ was not declared in this scope
  353 |   if([01;31m[Ky[m[K>10000)continue;
      |      [01;31m[K^[m[K
[01m[K/home/uil/husky_catkin/src/bird_eye_view/src/get_pointCloud_cpp_cv.cpp:354:6:[m[K [01;31m[Kerror: [m[Kâ€˜[01m[Ky[m[Kâ€™ was not declared in this scope
  354 |   if([01;31m[Ky[m[K<0)continue;
      |      [01;31m[K^[m[K
[01m[K/home/uil/husky_catkin/src/bird_eye_view/src/get_pointCloud_cpp_cv.cpp:374:30:[m[K [01;31m[Kerror: [m[Kâ€˜[01m[Kx[m[Kâ€™ was not declared in this scope
  374 |   int i_x = static_cast<int>([01;31m[Kx[m[K/scale_image);
      |                              [01;31m[K^[m[K
[01m[K/home/uil/husky_catkin/src/bird_eye_view/src/get_pointCloud_cpp_cv.cpp:375:30:[m[K [01;31m[Kerror: [m[Kâ€˜[01m[Ky[m[Kâ€™ was not declared in this scope
  375 |   int i_y = static_cast<int>([01;31m[Ky[m[K/scale_image);
      |                              [01;31m[K^[m[K
make[2]: *** [CMakeFiles/pointCloudCppCV.dir/build.make:63: CMakeFiles/pointCloudCppCV.dir/src/get_pointCloud_cpp_cv.cpp.o] Error 1
make[1]: *** [CMakeFiles/Makefile2:1677: CMakeFiles/pointCloudCppCV.dir/all] Error 2
make: *** [Makefile:141: all] Error 2
