[01m[K/home/uil/husky_catkin/src/bird_eye_view/src/get_transform.cpp:[m[K In function â€˜[01m[Kint main(int, char**)[m[Kâ€™:
[01m[K/home/uil/husky_catkin/src/bird_eye_view/src/get_transform.cpp:7:3:[m[K [01;31m[Kerror: [m[Kâ€˜[01m[KHomography[m[Kâ€™ was not declared in this scope
    7 |   [01;31m[KHomography[m[K << 0.00087138, -0.000819049, 0.716003, 7.13997e-05, -0.000203317, 0.698095, 9.45712e-08, -1.27232e-06, 0.00112625;
      |   [01;31m[K^~~~~~~~~~[m[K
[01m[K/home/uil/husky_catkin/src/bird_eye_view/src/get_transform.cpp:9:3:[m[K [01;31m[Kerror: [m[Kâ€˜[01m[Kintrinsic_rotate[m[Kâ€™ was not declared in this scope
    9 |   [01;31m[Kintrinsic_rotate[m[K << 606.782, 0.0,  643.805,
      |   [01;31m[K^~~~~~~~~~~~~~~~[m[K
[01m[K/home/uil/husky_catkin/src/bird_eye_view/src/get_transform.cpp:13:3:[m[K [01;31m[Kerror: [m[Kâ€˜[01m[Ktemp_matrix[m[Kâ€™ was not declared in this scope
   13 |   [01;31m[Ktemp_matrix[m[K = intrinsic_rotate.inverse() * Homography;
      |   [01;31m[K^~~~~~~~~~~[m[K
[01m[K/home/uil/husky_catkin/src/bird_eye_view/src/get_transform.cpp:14:3:[m[K [01;31m[Kerror: [m[Kâ€˜[01m[KMatrix[m[Kâ€™ was not declared in this scope
   14 |   [01;31m[KMatrix[m[K<double, 3, 1> R1, R2, R3, translation;
      |   [01;31m[K^~~~~~[m[K
[01m[K/home/uil/husky_catkin/src/bird_eye_view/src/get_transform.cpp:14:10:[m[K [01;31m[Kerror: [m[Kexpected primary-expression before â€˜[01m[Kdouble[m[Kâ€™
   14 |   Matrix<[01;31m[Kdouble[m[K, 3, 1> R1, R2, R3, translation;
      |          [01;31m[K^~~~~~[m[K
[01m[K/home/uil/husky_catkin/src/bird_eye_view/src/get_transform.cpp:15:3:[m[K [01;31m[Kerror: [m[Kâ€˜[01m[KR1[m[Kâ€™ was not declared in this scope; did you mean â€˜[01m[Ky1[m[Kâ€™?
   15 |   [01;31m[KR1[m[K << temp_matrix(0, 0), temp_matrix(1, 0), temp_matrix(2,0);
      |   [01;31m[K^~[m[K
      |   [32m[Ky1[m[K
[01m[K/home/uil/husky_catkin/src/bird_eye_view/src/get_transform.cpp:16:3:[m[K [01;31m[Kerror: [m[Kâ€˜[01m[KR2[m[Kâ€™ was not declared in this scope
   16 |   [01;31m[KR2[m[K << temp_matrix(0, 1), temp_matrix(1, 1), temp_matrix(2,1);
      |   [01;31m[K^~[m[K
[01m[K/home/uil/husky_catkin/src/bird_eye_view/src/get_transform.cpp:17:3:[m[K [01;31m[Kerror: [m[Kâ€˜[01m[KR3[m[Kâ€™ was not declared in this scope
   17 |   [01;31m[KR3[m[K = R1.normalized().cross(R2.normalized());
      |   [01;31m[K^~[m[K
[01m[K/home/uil/husky_catkin/src/bird_eye_view/src/get_transform.cpp:18:3:[m[K [01;31m[Kerror: [m[Kâ€˜[01m[Krotation_matrix[m[Kâ€™ was not declared in this scope
   18 |   [01;31m[Krotation_matrix[m[K << R1.normalized(), R2.normalized(), R3;
      |   [01;31m[K^~~~~~~~~~~~~~~[m[K
[01m[K/home/uil/husky_catkin/src/bird_eye_view/src/get_transform.cpp:20:3:[m[K [01;31m[Kerror: [m[Kâ€˜[01m[KQuaterniond[m[Kâ€™ was not declared in this scope
   20 |   [01;31m[KQuaterniond[m[K q(rotation_matrix);
      |   [01;31m[K^~~~~~~~~~~[m[K
make[2]: *** [CMakeFiles/transform.dir/build.make:63: CMakeFiles/transform.dir/src/get_transform.cpp.o] Error 1
make[1]: *** [CMakeFiles/Makefile2:1056: CMakeFiles/transform.dir/all] Error 2
make: *** [Makefile:141: all] Error 2
