[35m[1mScanning dependencies of target transform[0m
[ 25%] [32mBuilding CXX object CMakeFiles/transform.dir/src/get_transform.cpp.o[0m
[ 75%] Built target pointCloudCppCV
[01m[K/home/uil/husky_catkin/src/bird_eye_view/src/get_transform.cpp:[m[K In function â€˜[01m[Kint main(int, char**)[m[Kâ€™:
[01m[K/home/uil/husky_catkin/src/bird_eye_view/src/get_transform.cpp:17:3:[m[K [01;31m[Kerror: [m[Kâ€˜[01m[Ktemp_matrix[m[Kâ€™ was not declared in this scope
   17 |   [01;31m[Ktemp_matrix[m[K = intrinsic_rotate.inverse() * Homography;
      |   [01;31m[K^~~~~~~~~~~[m[K
make[2]: *** [CMakeFiles/transform.dir/build.make:63: CMakeFiles/transform.dir/src/get_transform.cpp.o] Error 1
make[1]: *** [CMakeFiles/Makefile2:1056: CMakeFiles/transform.dir/all] Error 2
make: *** [Makefile:141: all] Error 2
