[35m[1mScanning dependencies of target pointCloudCppCV[0m
[ 50%] [32mBuilding CXX object CMakeFiles/pointCloudCppCV.dir/src/get_pointCloud_cpp_cv.cpp.o[0m
[01m[K/home/uil/husky_catkin/src/bird_eye_view/src/get_pointCloud_cpp_cv.cpp:[m[K In function â€˜[01m[Kint main(int, char**)[m[Kâ€™:
[01m[K/home/uil/husky_catkin/src/bird_eye_view/src/get_pointCloud_cpp_cv.cpp:36:5:[m[K [01;31m[Kerror: [m[Kexpected â€˜[01m[K,[m[Kâ€™ or â€˜[01m[K;[m[Kâ€™ before â€˜[01m[Kconst[m[Kâ€™
   36 |     [01;31m[Kconst[m[K uint32_t device_count = k4a::device::get_installed_count();
      |     [01;31m[K^~~~~[m[K
[01m[K/home/uil/husky_catkin/src/bird_eye_view/src/get_pointCloud_cpp_cv.cpp:37:8:[m[K [01;31m[Kerror: [m[Kâ€˜[01m[Kdevice_count[m[Kâ€™ was not declared in this scope
   37 |     if([01;31m[Kdevice_count[m[K == 0){
      |        [01;31m[K^~~~~~~~~~~~[m[K
make[2]: *** [CMakeFiles/pointCloudCppCV.dir/build.make:63: CMakeFiles/pointCloudCppCV.dir/src/get_pointCloud_cpp_cv.cpp.o] Error 1
make[1]: *** [CMakeFiles/Makefile2:1648: CMakeFiles/pointCloudCppCV.dir/all] Error 2
make: *** [Makefile:141: all] Error 2
