[01m[K/home/uil/husky_catkin/src/bird_eye_view/src/get_pointCloud_cpp_cv.cpp:[m[K In function â€˜[01m[Kint main(int, char**)[m[Kâ€™:
[01m[K/home/uil/husky_catkin/src/bird_eye_view/src/get_pointCloud_cpp_cv.cpp:398:6:[m[K [01;31m[Kerror: [m[Kâ€˜[01m[Kcv2[m[Kâ€™ was not declared in this scope; did you mean â€˜[01m[Kcv[m[Kâ€™?
  398 |      [01;31m[Kcv2[m[K.resizeWindow("generated_high", 1920, 1200);
      |      [01;31m[K^~~[m[K
      |      [32m[Kcv[m[K
make[2]: *** [CMakeFiles/pointCloudCppCV.dir/build.make:63: CMakeFiles/pointCloudCppCV.dir/src/get_pointCloud_cpp_cv.cpp.o] Error 1
make[1]: *** [CMakeFiles/Makefile2:1677: CMakeFiles/pointCloudCppCV.dir/all] Error 2
make: *** [Makefile:141: all] Error 2
